2026-03-12 08:48:09,152 - INFO - sync_ledgers_to_db started. Company ID: 1. XML size: 474958
2026-03-12 08:48:09,364 - INFO - Found 35 LEDGER elements in XML.
2026-03-12 08:48:09,366 - INFO - Processing ledger: Profit & Loss A/c
2026-03-12 08:48:09,517 - INFO - Processing ledger: AIVION LTD - Foreign Co.
2026-03-12 08:48:09,539 - INFO - Processing ledger: AMIT WASON - CAPITAL
2026-03-12 08:48:09,558 - INFO - Processing ledger: AMIT WASON - IMPREST
2026-03-12 08:48:09,587 - INFO - Processing ledger: Aniket Tripathi
2026-03-12 08:48:09,601 - INFO - Processing ledger: Badal Rana
2026-03-12 08:48:09,614 - INFO - Processing ledger: Bhanvi Lamba  And Associates
2026-03-12 08:48:09,627 - INFO - Processing ledger: Cash
2026-03-12 08:48:09,639 - INFO - Processing ledger: Chair
2026-03-12 08:48:09,653 - INFO - Processing ledger: EPIC Fees
2026-03-12 08:48:09,663 - INFO - Processing ledger: HDFC BANK
2026-03-12 08:48:09,677 - INFO - Processing ledger: INPUT CGST 9%
2026-03-12 08:48:09,686 - INFO - Processing ledger: INPUT SGST 9%
2026-03-12 08:48:09,700 - INFO - Processing ledger: Kishor Das - Imprest
2026-03-12 08:48:09,714 - INFO - Processing ledger: Laptop
2026-03-12 08:48:09,727 - INFO - Processing ledger: Munish Dhall - Imprest
2026-03-12 08:48:09,738 - INFO - Processing ledger: Office Expenses
2026-03-12 08:48:09,752 - INFO - Processing ledger: Pragati Wason
2026-03-12 08:48:09,762 - INFO - Processing ledger: Printing and Stationery
2026-03-12 08:48:09,775 - INFO - Processing ledger: PROFESSIONAL CHARGES
2026-03-12 08:48:09,792 - INFO - Processing ledger: Professional Fees
2026-03-12 08:48:09,807 - INFO - Processing ledger: Professional Services - Export
2026-03-12 08:48:09,817 - INFO - Processing ledger: Puneet Khurana
2026-03-12 08:48:09,828 - INFO - Processing ledger: Raghav
2026-03-12 08:48:09,844 - INFO - Processing ledger: Rashi
2026-03-12 08:48:09,856 - INFO - Processing ledger: Salary & Wages
2026-03-12 08:48:09,869 - INFO - Processing ledger: Sankalp
2026-03-12 08:48:09,879 - INFO - Processing ledger: SBI BANK
2026-03-12 08:48:09,892 - INFO - Processing ledger: Staff Welfare
2026-03-12 08:48:09,902 - INFO - Processing ledger: SUSPENSE ACCOUNT
2026-03-12 08:48:09,915 - INFO - Processing ledger: Telephone & Internet Charges
2026-03-12 08:48:09,927 - INFO - Processing ledger: Travel Expenses
2026-03-12 08:48:09,946 - INFO - Processing ledger: Vaibhav Malhotra
2026-03-12 08:48:09,963 - INFO - Processing ledger: VIKAS SANJIV & ASSOCIATES
2026-03-12 08:48:09,976 - INFO - Processing ledger: Yashika
2026-03-12 08:48:10,118 - INFO - sync_vouchers_to_db started. Company ID: 1. XML size: 474958
2026-03-12 08:48:10,120 - INFO - Found 0 VOUCHER elements in XML.
2026-03-12 08:50:21,403 - INFO - sync_ledgers_to_db started. Company ID: 1. XML size: 474958
2026-03-12 08:50:21,542 - INFO - Found 35 LEDGER elements in XML.
2026-03-12 08:50:21,544 - INFO - Processing ledger: Profit & Loss A/c
2026-03-12 08:50:21,558 - INFO - Processing ledger: AIVION LTD - Foreign Co.
2026-03-12 08:50:21,573 - INFO - Processing ledger: AMIT WASON - CAPITAL
2026-03-12 08:50:21,586 - INFO - Processing ledger: AMIT WASON - IMPREST
2026-03-12 08:50:21,601 - INFO - Processing ledger: Aniket Tripathi
2026-03-12 08:50:21,613 - INFO - Processing ledger: Badal Rana
2026-03-12 08:50:21,648 - INFO - Processing ledger: Bhanvi Lamba  And Associates
2026-03-12 08:50:21,664 - INFO - Processing ledger: Cash
2026-03-12 08:50:21,680 - INFO - Processing ledger: Chair
2026-03-12 08:50:21,694 - INFO - Processing ledger: EPIC Fees
2026-03-12 08:50:21,708 - INFO - Processing ledger: HDFC BANK
2026-03-12 08:50:21,721 - INFO - Processing ledger: INPUT CGST 9%
2026-03-12 08:50:21,746 - INFO - Processing ledger: INPUT SGST 9%
2026-03-12 08:50:21,762 - INFO - Processing ledger: Kishor Das - Imprest
2026-03-12 08:50:21,777 - INFO - Processing ledger: Laptop
2026-03-12 08:50:21,793 - INFO - Processing ledger: Munish Dhall - Imprest
2026-03-12 08:50:21,804 - INFO - Processing ledger: Office Expenses
2026-03-12 08:50:21,819 - INFO - Processing ledger: Pragati Wason
2026-03-12 08:50:21,834 - INFO - Processing ledger: Printing and Stationery
2026-03-12 08:50:21,849 - INFO - Processing ledger: PROFESSIONAL CHARGES
2026-03-12 08:50:21,864 - INFO - Processing ledger: Professional Fees
2026-03-12 08:50:21,879 - INFO - Processing ledger: Professional Services - Export
2026-03-12 08:50:21,896 - INFO - Processing ledger: Puneet Khurana
2026-03-12 08:50:21,911 - INFO - Processing ledger: Raghav
2026-03-12 08:50:21,925 - INFO - Processing ledger: Rashi
2026-03-12 08:50:21,941 - INFO - Processing ledger: Salary & Wages
2026-03-12 08:50:21,956 - INFO - Processing ledger: Sankalp
2026-03-12 08:50:21,968 - INFO - Processing ledger: SBI BANK
2026-03-12 08:50:21,984 - INFO - Processing ledger: Staff Welfare
2026-03-12 08:50:21,999 - INFO - Processing ledger: SUSPENSE ACCOUNT
2026-03-12 08:50:22,013 - INFO - Processing ledger: Telephone & Internet Charges
2026-03-12 08:50:22,028 - INFO - Processing ledger: Travel Expenses
2026-03-12 08:50:22,042 - INFO - Processing ledger: Vaibhav Malhotra
2026-03-12 08:50:22,056 - INFO - Processing ledger: VIKAS SANJIV & ASSOCIATES
2026-03-12 08:50:22,070 - INFO - Processing ledger: Yashika
2026-03-12 08:50:22,238 - INFO - sync_vouchers_to_db started. Company ID: 1. XML size: 474958
2026-03-12 08:50:22,241 - INFO - Found 0 VOUCHER elements in XML.
2026-03-12 09:17:58,665 - INFO - sync_ledgers_to_db started. Company ID: 1. XML size: 2008733
2026-03-12 09:17:58,756 - INFO - Found 0 LEDGER elements in XML.
2026-03-12 09:17:58,874 - INFO - sync_vouchers_to_db started. Company ID: 1. XML size: 2008733
2026-03-12 09:17:58,874 - INFO - Found 124 VOUCHER elements in XML.
2026-03-12 09:17:58,874 - INFO - Processing voucher: 1 (GUID: eec14209-f9cd-491e-a51f-7724aa4018a0-00000001)
2026-03-12 09:17:58,969 - INFO - Processing voucher: 2 (GUID: eec14209-f9cd-491e-a51f-7724aa4018a0-00000002)
2026-03-12 09:17:58,992 - INFO - Processing voucher: 3 (GUID: eec14209-f9cd-491e-a51f-7724aa4018a0-00000003)
2026-03-12 09:17:58,999 - INFO - Processing voucher: 4 (GUID: eec14209-f9cd-491e-a51f-7724aa4018a0-00000004)
2026-03-12 09:17:59,005 - INFO - Processing voucher: 5 (GUID: eec14209-f9cd-491e-a51f-7724aa4018a0-00000005)
2026-03-12 09:17:59,011 - INFO - Processing voucher: 6 (GUID: eec14209-f9cd-491e-a51f-7724aa4018a0-00000006)
2026-03-12 09:17:59,022 - INFO - Processing voucher: 7 (GUID: eec14209-f9cd-491e-a51f-7724aa4018a0-00000007)
2026-03-12 09:17:59,027 - INFO - Processing voucher: 8 (GUID: eec14209-f9cd-491e-a51f-7724aa4018a0-00000008)
2026-03-12 09:17:59,034 - INFO - Processing voucher: 9 (GUID: eec14209-f9cd-491e-a51f-7724aa4018a0-00000009)
2026-03-12 09:17:59,037 - INFO - Processing voucher: 10 (GUID: eec14209-f9cd-491e-a51f-7724aa4018a0-0000000a)
2026-03-12 09:17:59,050 - INFO - Processing voucher: 11 (GUID: eec14209-f9cd-491e-a51f-7724aa4018a0-0000000b)
2026-03-12 09:17:59,054 - INFO - Processing voucher: 12 (GUID: eec14209-f9cd-491e-a51f-7724aa4018a0-0000000c)
2026-03-12 09:17:59,060 - INFO - Processing voucher: 15 (GUID: eec14209-f9cd-491e-a51f-7724aa4018a0-0000000f)
2026-03-12 09:17:59,069 - INFO - Processing voucher: 13 (GUID: eec14209-f9cd-491e-a51f-7724aa4018a0-0000000d)
2026-03-12 09:17:59,076 - INFO - Processing voucher: 14 (GUID: eec14209-f9cd-491e-a51f-7724aa4018a0-0000000e)
2026-03-12 09:17:59,080 - INFO - Processing voucher: 16 (GUID: eec14209-f9cd-491e-a51f-7724aa4018a0-00000010)
2026-03-12 09:17:59,087 - INFO - Processing voucher: 17 (GUID: eec14209-f9cd-491e-a51f-7724aa4018a0-00000011)
2026-03-12 09:17:59,087 - INFO - Processing voucher: 18 (GUID: eec14209-f9cd-491e-a51f-7724aa4018a0-00000012)
2026-03-12 09:17:59,099 - INFO - Processing voucher: 19 (GUID: eec14209-f9cd-491e-a51f-7724aa4018a0-00000013)
2026-03-12 09:17:59,109 - INFO - Processing voucher: 20 (GUID: eec14209-f9cd-491e-a51f-7724aa4018a0-00000014)
2026-03-12 09:17:59,115 - INFO - Processing voucher: 21 (GUID: eec14209-f9cd-491e-a51f-7724aa4018a0-00000015)
2026-03-12 09:17:59,123 - INFO - Processing voucher: 22 (GUID: eec14209-f9cd-491e-a51f-7724aa4018a0-00000016)
2026-03-12 09:17:59,127 - INFO - Processing voucher: 28 (GUID: eec14209-f9cd-491e-a51f-7724aa4018a0-0000001c)
2026-03-12 09:17:59,137 - INFO - Processing voucher: 23 (GUID: eec14209-f9cd-491e-a51f-7724aa4018a0-00000017)
2026-03-12 09:17:59,144 - INFO - Processing voucher: 24 (GUID: eec14209-f9cd-491e-a51f-7724aa4018a0-00000018)
2026-03-12 09:17:59,151 - INFO - Processing voucher: 25 (GUID: eec14209-f9cd-491e-a51f-7724aa4018a0-00000019)
2026-03-12 09:17:59,159 - INFO - Processing voucher: 27 (GUID: eec14209-f9cd-491e-a51f-7724aa4018a0-0000001b)
2026-03-12 09:17:59,165 - INFO - Processing voucher: 29 (GUID: eec14209-f9cd-491e-a51f-7724aa4018a0-0000001d)
2026-03-12 09:17:59,171 - INFO - Processing voucher: 26 (GUID: eec14209-f9cd-491e-a51f-7724aa4018a0-0000001a)
2026-03-12 09:17:59,177 - INFO - Processing voucher: 30 (GUID: eec14209-f9cd-491e-a51f-7724aa4018a0-0000001e)
2026-03-12 09:17:59,189 - INFO - Processing voucher: 31 (GUID: eec14209-f9cd-491e-a51f-7724aa4018a0-0000001f)
2026-03-12 09:17:59,195 - INFO - Processing voucher: 32 (GUID: eec14209-f9cd-491e-a51f-7724aa4018a0-00000020)
2026-03-12 09:17:59,203 - INFO - Processing voucher: 33 (GUID: eec14209-f9cd-491e-a51f-7724aa4018a0-00000021)
2026-03-12 09:17:59,212 - INFO - Processing voucher: 34 (GUID: eec14209-f9cd-491e-a51f-7724aa4018a0-00000022)
2026-03-12 09:17:59,218 - INFO - Processing voucher: 35 (GUID: eec14209-f9cd-491e-a51f-7724aa4018a0-00000023)
2026-03-12 09:17:59,224 - INFO - Processing voucher: 36 (GUID: eec14209-f9cd-491e-a51f-7724aa4018a0-00000024)
2026-03-12 09:17:59,228 - INFO - Processing voucher: 37 (GUID: eec14209-f9cd-491e-a51f-7724aa4018a0-00000025)
2026-03-12 09:17:59,239 - INFO - Processing voucher: 38 (GUID: eec14209-f9cd-491e-a51f-7724aa4018a0-00000026)
2026-03-12 09:17:59,246 - INFO - Processing voucher: 39 (GUID: eec14209-f9cd-491e-a51f-7724aa4018a0-00000027)
2026-03-12 09:17:59,255 - INFO - Processing voucher: 40 (GUID: eec14209-f9cd-491e-a51f-7724aa4018a0-00000028)
2026-03-12 09:17:59,260 - INFO - Processing voucher: 41 (GUID: eec14209-f9cd-491e-a51f-7724aa4018a0-00000029)
2026-03-12 09:17:59,269 - INFO - Processing voucher: 42 (GUID: eec14209-f9cd-491e-a51f-7724aa4018a0-0000002a)
2026-03-12 09:17:59,277 - INFO - Processing voucher: 43 (GUID: eec14209-f9cd-491e-a51f-7724aa4018a0-0000002b)
2026-03-12 09:17:59,284 - INFO - Processing voucher: 44 (GUID: eec14209-f9cd-491e-a51f-7724aa4018a0-0000002c)
2026-03-12 09:17:59,290 - INFO - Processing voucher: 45 (GUID: eec14209-f9cd-491e-a51f-7724aa4018a0-0000002d)
2026-03-12 09:17:59,297 - INFO - Processing voucher: 46 (GUID: eec14209-f9cd-491e-a51f-7724aa4018a0-0000002e)
2026-03-12 09:17:59,302 - INFO - Processing voucher: 47 (GUID: eec14209-f9cd-491e-a51f-7724aa4018a0-0000002f)
2026-03-12 09:17:59,310 - INFO - Processing voucher: 48 (GUID: eec14209-f9cd-491e-a51f-7724aa4018a0-00000030)
2026-03-12 09:17:59,324 - INFO - Processing voucher: 49 (GUID: eec14209-f9cd-491e-a51f-7724aa4018a0-00000031)
2026-03-12 09:17:59,334 - INFO - Processing voucher: 50 (GUID: eec14209-f9cd-491e-a51f-7724aa4018a0-00000032)
2026-03-12 09:17:59,344 - INFO - Processing voucher: 51 (GUID: eec14209-f9cd-491e-a51f-7724aa4018a0-00000033)
2026-03-12 09:17:59,355 - INFO - Processing voucher: 4 (GUID: eec14209-f9cd-491e-a51f-7724aa4018a0-00000069)
2026-03-12 09:17:59,366 - INFO - Processing voucher: 52 (GUID: eec14209-f9cd-491e-a51f-7724aa4018a0-00000034)
2026-03-12 09:17:59,377 - INFO - Processing voucher: 53 (GUID: eec14209-f9cd-491e-a51f-7724aa4018a0-00000035)
2026-03-12 09:17:59,391 - INFO - Processing voucher: 1 (GUID: eec14209-f9cd-491e-a51f-7724aa4018a0-0000004e)
2026-03-12 09:17:59,402 - INFO - Processing voucher: 76 (GUID: eec14209-f9cd-491e-a51f-7724aa4018a0-00000077)
2026-03-12 09:17:59,413 - INFO - Processing voucher: 78 (GUID: eec14209-f9cd-491e-a51f-7724aa4018a0-00000079)
2026-03-12 09:17:59,423 - INFO - Processing voucher: 79 (GUID: eec14209-f9cd-491e-a51f-7724aa4018a0-0000007a)
2026-03-12 09:17:59,434 - INFO - Processing voucher: 1 (GUID: eec14209-f9cd-491e-a51f-7724aa4018a0-0000004b)
2026-03-12 09:17:59,441 - INFO - Processing voucher: 2 (GUID: eec14209-f9cd-491e-a51f-7724aa4018a0-0000004c)
2026-03-12 09:17:59,447 - INFO - Processing voucher: 2 (GUID: eec14209-f9cd-491e-a51f-7724aa4018a0-0000004f)
2026-03-12 09:17:59,454 - INFO - Processing voucher: 1 (GUID: eec14209-f9cd-491e-a51f-7724aa4018a0-00000036)
2026-03-12 09:17:59,467 - INFO - Processing voucher: 33 (GUID: eec14209-f9cd-491e-a51f-7724aa4018a0-0000008f)
2026-03-12 09:17:59,477 - INFO - Processing voucher: 77 (GUID: eec14209-f9cd-491e-a51f-7724aa4018a0-00000037)
2026-03-12 09:17:59,487 - INFO - Processing voucher: 3 (GUID: eec14209-f9cd-491e-a51f-7724aa4018a0-00000038)
2026-03-12 09:17:59,495 - INFO - Processing voucher: 4 (GUID: eec14209-f9cd-491e-a51f-7724aa4018a0-00000039)
2026-03-12 09:17:59,505 - INFO - Processing voucher: 5 (GUID: eec14209-f9cd-491e-a51f-7724aa4018a0-0000003a)
2026-03-12 09:17:59,513 - INFO - Processing voucher: 81 (GUID: eec14209-f9cd-491e-a51f-7724aa4018a0-0000007c)
2026-03-12 09:17:59,523 - INFO - Processing voucher: 80 (GUID: eec14209-f9cd-491e-a51f-7724aa4018a0-0000007b)
2026-03-12 09:17:59,531 - INFO - Processing voucher: 6 (GUID: eec14209-f9cd-491e-a51f-7724aa4018a0-0000003b)
2026-03-12 09:17:59,537 - INFO - Processing voucher: 82 (GUID: eec14209-f9cd-491e-a51f-7724aa4018a0-0000007d)
2026-03-12 09:17:59,544 - INFO - Processing voucher: 7 (GUID: eec14209-f9cd-491e-a51f-7724aa4018a0-0000003c)
2026-03-12 09:17:59,551 - INFO - Processing voucher: 8 (GUID: eec14209-f9cd-491e-a51f-7724aa4018a0-0000003d)
2026-03-12 09:17:59,560 - INFO - Processing voucher: 2 (GUID: eec14209-f9cd-491e-a51f-7724aa4018a0-00000050)
2026-03-12 09:17:59,572 - INFO - Processing voucher: 62 (GUID: eec14209-f9cd-491e-a51f-7724aa4018a0-0000003e)
2026-03-12 09:17:59,579 - INFO - Processing voucher: 100 (GUID: eec14209-f9cd-491e-a51f-7724aa4018a0-00000091)
2026-03-12 09:17:59,587 - INFO - Processing voucher: 63 (GUID: eec14209-f9cd-491e-a51f-7724aa4018a0-0000003f)
2026-03-12 09:17:59,596 - INFO - Processing voucher: 3 (GUID: eec14209-f9cd-491e-a51f-7724aa4018a0-0000004d)
2026-03-12 09:17:59,605 - INFO - Processing voucher: 3 (GUID: eec14209-f9cd-491e-a51f-7724aa4018a0-00000066)
2026-03-12 09:17:59,611 - INFO - Processing voucher: 10 (GUID: eec14209-f9cd-491e-a51f-7724aa4018a0-00000040)
2026-03-12 09:17:59,619 - INFO - Processing voucher: 84 (GUID: eec14209-f9cd-491e-a51f-7724aa4018a0-0000007f)
2026-03-12 09:17:59,627 - INFO - Processing voucher: 83 (GUID: eec14209-f9cd-491e-a51f-7724aa4018a0-0000007e)
2026-03-12 09:17:59,637 - INFO - Processing voucher: 11 (GUID: eec14209-f9cd-491e-a51f-7724aa4018a0-00000041)
2026-03-12 09:17:59,644 - INFO - Processing voucher: 85 (GUID: eec14209-f9cd-491e-a51f-7724aa4018a0-00000080)
2026-03-12 09:17:59,651 - INFO - Processing voucher: 12 (GUID: eec14209-f9cd-491e-a51f-7724aa4018a0-00000042)
2026-03-12 09:17:59,660 - INFO - Processing voucher: 13 (GUID: eec14209-f9cd-491e-a51f-7724aa4018a0-00000043)
2026-03-12 09:17:59,667 - INFO - Processing voucher: 87 (GUID: eec14209-f9cd-491e-a51f-7724aa4018a0-00000082)
2026-03-12 09:17:59,677 - INFO - Processing voucher: 86 (GUID: eec14209-f9cd-491e-a51f-7724aa4018a0-00000081)
2026-03-12 09:17:59,684 - INFO - Processing voucher: 14 (GUID: eec14209-f9cd-491e-a51f-7724aa4018a0-00000044)
2026-03-12 09:17:59,694 - INFO - Processing voucher: 88 (GUID: eec14209-f9cd-491e-a51f-7724aa4018a0-00000083)
2026-03-12 09:17:59,701 - INFO - Processing voucher: 15 (GUID: eec14209-f9cd-491e-a51f-7724aa4018a0-00000045)
2026-03-12 09:17:59,709 - INFO - Processing voucher: 16 (GUID: eec14209-f9cd-491e-a51f-7724aa4018a0-00000046)
2026-03-12 09:17:59,719 - INFO - Processing voucher: 89 (GUID: eec14209-f9cd-491e-a51f-7724aa4018a0-00000084)
2026-03-12 09:17:59,726 - INFO - Processing voucher: 17 (GUID: eec14209-f9cd-491e-a51f-7724aa4018a0-00000047)
2026-03-12 09:17:59,733 - INFO - Processing voucher: 21 (GUID: eec14209-f9cd-491e-a51f-7724aa4018a0-00000067)
2026-03-12 09:17:59,743 - INFO - Processing voucher: 18 (GUID: eec14209-f9cd-491e-a51f-7724aa4018a0-00000048)
2026-03-12 09:17:59,750 - INFO - Processing voucher: 19 (GUID: eec14209-f9cd-491e-a51f-7724aa4018a0-00000049)
2026-03-12 09:17:59,759 - INFO - Processing voucher: 75 (GUID: eec14209-f9cd-491e-a51f-7724aa4018a0-0000004a)
2026-03-12 09:17:59,767 - INFO - Processing voucher: 101 (GUID: eec14209-f9cd-491e-a51f-7724aa4018a0-00000092)
2026-03-12 09:17:59,776 - INFO - Processing voucher: 22 (GUID: eec14209-f9cd-491e-a51f-7724aa4018a0-0000006b)
2026-03-12 09:17:59,787 - INFO - Processing voucher: 5 (GUID: eec14209-f9cd-491e-a51f-7724aa4018a0-0000006a)
2026-03-12 09:17:59,794 - INFO - Processing voucher: 4 (GUID: eec14209-f9cd-491e-a51f-7724aa4018a0-00000096)
2026-03-12 09:17:59,801 - INFO - Processing voucher: 23 (GUID: eec14209-f9cd-491e-a51f-7724aa4018a0-0000006c)
2026-03-12 09:17:59,809 - INFO - Processing voucher: 91 (GUID: eec14209-f9cd-491e-a51f-7724aa4018a0-00000086)
2026-03-12 09:17:59,817 - INFO - Processing voucher: 90 (GUID: eec14209-f9cd-491e-a51f-7724aa4018a0-00000085)
2026-03-12 09:17:59,826 - INFO - Processing voucher: 24 (GUID: eec14209-f9cd-491e-a51f-7724aa4018a0-0000006d)
2026-03-12 09:17:59,833 - INFO - Processing voucher: 92 (GUID: eec14209-f9cd-491e-a51f-7724aa4018a0-00000087)
2026-03-12 09:17:59,839 - INFO - Processing voucher: 27 (GUID: eec14209-f9cd-491e-a51f-7724aa4018a0-00000071)
2026-03-12 09:17:59,851 - INFO - Processing voucher: 93 (GUID: eec14209-f9cd-491e-a51f-7724aa4018a0-00000088)
2026-03-12 09:17:59,859 - INFO - Processing voucher: 32 (GUID: eec14209-f9cd-491e-a51f-7724aa4018a0-00000076)
2026-03-12 09:17:59,867 - INFO - Processing voucher: 31 (GUID: eec14209-f9cd-491e-a51f-7724aa4018a0-00000075)
2026-03-12 09:17:59,874 - INFO - Processing voucher: 30 (GUID: eec14209-f9cd-491e-a51f-7724aa4018a0-00000074)
2026-03-12 09:17:59,881 - INFO - Processing voucher: 95 (GUID: eec14209-f9cd-491e-a51f-7724aa4018a0-0000008a)
2026-03-12 09:17:59,887 - INFO - Processing voucher: 94 (GUID: eec14209-f9cd-491e-a51f-7724aa4018a0-00000089)
2026-03-12 09:17:59,898 - INFO - Processing voucher: 29 (GUID: eec14209-f9cd-491e-a51f-7724aa4018a0-00000073)
2026-03-12 09:17:59,904 - INFO - Processing voucher: 28 (GUID: eec14209-f9cd-491e-a51f-7724aa4018a0-00000072)
2026-03-12 09:17:59,911 - INFO - Processing voucher: 97 (GUID: eec14209-f9cd-491e-a51f-7724aa4018a0-0000008c)
2026-03-12 09:17:59,922 - INFO - Processing voucher: 96 (GUID: eec14209-f9cd-491e-a51f-7724aa4018a0-0000008b)
2026-03-12 09:17:59,927 - INFO - Processing voucher: 26 (GUID: eec14209-f9cd-491e-a51f-7724aa4018a0-00000070)
2026-03-12 09:17:59,937 - INFO - Processing voucher: 98 (GUID: eec14209-f9cd-491e-a51f-7724aa4018a0-0000008d)
2026-03-12 09:17:59,947 - INFO - Processing voucher: 25 (GUID: eec14209-f9cd-491e-a51f-7724aa4018a0-0000006f)
2026-03-12 09:17:59,954 - INFO - Processing voucher: 34 (GUID: eec14209-f9cd-491e-a51f-7724aa4018a0-00000093)
2026-03-12 09:17:59,965 - INFO - Processing voucher: 35 (GUID: eec14209-f9cd-491e-a51f-7724aa4018a0-00000094)
2026-03-12 09:17:59,974 - INFO - Processing voucher: 7 (GUID: eec14209-f9cd-491e-a51f-7724aa4018a0-00000095)
2026-03-12 09:52:42,142 - INFO - sync_ledgers_to_db started. Company ID: 1. XML size: 474958
2026-03-12 09:52:42,165 - INFO - Found 35 LEDGER elements in XML.
2026-03-12 09:52:42,165 - INFO - Processing ledger: Profit & Loss A/c
2026-03-12 09:52:42,169 - INFO - Processing ledger: AIVION LTD - Foreign Co.
2026-03-12 09:52:42,171 - INFO - Processing ledger: AMIT WASON - CAPITAL
2026-03-12 09:52:42,173 - INFO - Processing ledger: AMIT WASON - IMPREST
2026-03-12 09:52:42,174 - INFO - Processing ledger: Aniket Tripathi
2026-03-12 09:52:42,176 - INFO - Processing ledger: Badal Rana
2026-03-12 09:52:42,177 - INFO - Processing ledger: Bhanvi Lamba  And Associates
2026-03-12 09:52:42,179 - INFO - Processing ledger: Cash
2026-03-12 09:52:42,179 - INFO - Processing ledger: Chair
2026-03-12 09:52:42,179 - INFO - Processing ledger: EPIC Fees
2026-03-12 09:52:42,179 - INFO - Processing ledger: HDFC BANK
2026-03-12 09:52:42,187 - INFO - Processing ledger: INPUT CGST 9%
2026-03-12 09:52:42,187 - INFO - Processing ledger: INPUT SGST 9%
2026-03-12 09:52:42,187 - INFO - Processing ledger: Kishor Das - Imprest
2026-03-12 09:52:42,187 - INFO - Processing ledger: Laptop
2026-03-12 09:52:42,187 - INFO - Processing ledger: Munish Dhall - Imprest
2026-03-12 09:52:42,193 - INFO - Processing ledger: Office Expenses
2026-03-12 09:52:42,194 - INFO - Processing ledger: Pragati Wason
2026-03-12 09:52:42,194 - INFO - Processing ledger: Printing and Stationery
2026-03-12 09:52:42,194 - INFO - Processing ledger: PROFESSIONAL CHARGES
2026-03-12 09:52:42,200 - INFO - Processing ledger: Professional Fees
2026-03-12 09:52:42,200 - INFO - Processing ledger: Professional Services - Export
2026-03-12 09:52:42,203 - INFO - Processing ledger: Puneet Khurana
2026-03-12 09:52:42,204 - INFO - Processing ledger: Raghav
2026-03-12 09:52:42,204 - INFO - Processing ledger: Rashi
2026-03-12 09:52:42,204 - INFO - Processing ledger: Salary & Wages
2026-03-12 09:52:42,209 - INFO - Processing ledger: Sankalp
2026-03-12 09:52:42,210 - INFO - Processing ledger: SBI BANK
2026-03-12 09:52:42,210 - INFO - Processing ledger: Staff Welfare
2026-03-12 09:52:42,215 - INFO - Processing ledger: SUSPENSE ACCOUNT
2026-03-12 09:52:42,215 - INFO - Processing ledger: Telephone & Internet Charges
2026-03-12 09:52:42,219 - INFO - Processing ledger: Travel Expenses
2026-03-12 09:52:42,220 - INFO - Processing ledger: Vaibhav Malhotra
2026-03-12 09:52:42,222 - INFO - Processing ledger: VIKAS SANJIV & ASSOCIATES
2026-03-12 09:52:42,222 - INFO - Processing ledger: Yashika
2026-03-12 09:52:42,250 - INFO - sync_vouchers_to_db started. Company ID: 1. XML size: 474958
2026-03-12 09:52:42,250 - INFO - Found 0 VOUCHER elements in XML.
2026-03-12 09:52:54,304 - INFO - sync_ledgers_to_db started. Company ID: 1. XML size: 2008733
2026-03-12 09:52:54,437 - INFO - Found 0 LEDGER elements in XML.
2026-03-12 09:52:54,530 - INFO - sync_vouchers_to_db started. Company ID: 1. XML size: 2008733
2026-03-12 09:52:54,530 - INFO - Found 124 VOUCHER elements in XML.
2026-03-12 09:52:54,530 - INFO - Processing voucher: 1 (GUID: eec14209-f9cd-491e-a51f-7724aa4018a0-00000001)
2026-03-12 09:52:54,537 - INFO - Processing voucher: 2 (GUID: eec14209-f9cd-491e-a51f-7724aa4018a0-00000002)
2026-03-12 09:52:54,537 - INFO - Processing voucher: 3 (GUID: eec14209-f9cd-491e-a51f-7724aa4018a0-00000003)
2026-03-12 09:52:54,537 - INFO - Processing voucher: 4 (GUID: eec14209-f9cd-491e-a51f-7724aa4018a0-00000004)
2026-03-12 09:52:54,537 - INFO - Processing voucher: 5 (GUID: eec14209-f9cd-491e-a51f-7724aa4018a0-00000005)
2026-03-12 09:52:54,537 - INFO - Processing voucher: 6 (GUID: eec14209-f9cd-491e-a51f-7724aa4018a0-00000006)
2026-03-12 09:52:54,537 - INFO - Processing voucher: 7 (GUID: eec14209-f9cd-491e-a51f-7724aa4018a0-00000007)
2026-03-12 09:52:54,542 - INFO - Processing voucher: 8 (GUID: eec14209-f9cd-491e-a51f-7724aa4018a0-00000008)
2026-03-12 09:52:54,543 - INFO - Processing voucher: 9 (GUID: eec14209-f9cd-491e-a51f-7724aa4018a0-00000009)
2026-03-12 09:52:54,543 - INFO - Processing voucher: 10 (GUID: eec14209-f9cd-491e-a51f-7724aa4018a0-0000000a)
2026-03-12 09:52:54,544 - INFO - Processing voucher: 11 (GUID: eec14209-f9cd-491e-a51f-7724aa4018a0-0000000b)
2026-03-12 09:52:54,544 - INFO - Processing voucher: 12 (GUID: eec14209-f9cd-491e-a51f-7724aa4018a0-0000000c)
2026-03-12 09:52:54,544 - INFO - Processing voucher: 15 (GUID: eec14209-f9cd-491e-a51f-7724aa4018a0-0000000f)
2026-03-12 09:52:54,544 - INFO - Processing voucher: 13 (GUID: eec14209-f9cd-491e-a51f-7724aa4018a0-0000000d)
2026-03-12 09:52:54,544 - INFO - Processing voucher: 14 (GUID: eec14209-f9cd-491e-a51f-7724aa4018a0-0000000e)
2026-03-12 09:52:54,544 - INFO - Processing voucher: 16 (GUID: eec14209-f9cd-491e-a51f-7724aa4018a0-00000010)
2026-03-12 09:52:54,544 - INFO - Processing voucher: 17 (GUID: eec14209-f9cd-491e-a51f-7724aa4018a0-00000011)
2026-03-12 09:52:54,544 - INFO - Processing voucher: 18 (GUID: eec14209-f9cd-491e-a51f-7724aa4018a0-00000012)
2026-03-12 09:52:54,544 - INFO - Processing voucher: 19 (GUID: eec14209-f9cd-491e-a51f-7724aa4018a0-00000013)
2026-03-12 09:52:54,544 - INFO - Processing voucher: 20 (GUID: eec14209-f9cd-491e-a51f-7724aa4018a0-00000014)
2026-03-12 09:52:54,550 - INFO - Processing voucher: 21 (GUID: eec14209-f9cd-491e-a51f-7724aa4018a0-00000015)
2026-03-12 09:52:54,550 - INFO - Processing voucher: 22 (GUID: eec14209-f9cd-491e-a51f-7724aa4018a0-00000016)
2026-03-12 09:52:54,550 - INFO - Processing voucher: 28 (GUID: eec14209-f9cd-491e-a51f-7724aa4018a0-0000001c)
2026-03-12 09:52:54,550 - INFO - Processing voucher: 23 (GUID: eec14209-f9cd-491e-a51f-7724aa4018a0-00000017)
2026-03-12 09:52:54,552 - INFO - Processing voucher: 24 (GUID: eec14209-f9cd-491e-a51f-7724aa4018a0-00000018)
2026-03-12 09:52:54,552 - INFO - Processing voucher: 25 (GUID: eec14209-f9cd-491e-a51f-7724aa4018a0-00000019)
2026-03-12 09:52:54,552 - INFO - Processing voucher: 27 (GUID: eec14209-f9cd-491e-a51f-7724aa4018a0-0000001b)
2026-03-12 09:52:54,552 - INFO - Processing voucher: 29 (GUID: eec14209-f9cd-491e-a51f-7724aa4018a0-0000001d)
2026-03-12 09:52:54,555 - INFO - Processing voucher: 26 (GUID: eec14209-f9cd-491e-a51f-7724aa4018a0-0000001a)
2026-03-12 09:52:54,555 - INFO - Processing voucher: 30 (GUID: eec14209-f9cd-491e-a51f-7724aa4018a0-0000001e)
2026-03-12 09:52:54,555 - INFO - Processing voucher: 31 (GUID: eec14209-f9cd-491e-a51f-7724aa4018a0-0000001f)
2026-03-12 09:52:54,555 - INFO - Processing voucher: 32 (GUID: eec14209-f9cd-491e-a51f-7724aa4018a0-00000020)
2026-03-12 09:52:54,557 - INFO - Processing voucher: 33 (GUID: eec14209-f9cd-491e-a51f-7724aa4018a0-00000021)
2026-03-12 09:52:54,557 - INFO - Processing voucher: 34 (GUID: eec14209-f9cd-491e-a51f-7724aa4018a0-00000022)
2026-03-12 09:52:54,557 - INFO - Processing voucher: 35 (GUID: eec14209-f9cd-491e-a51f-7724aa4018a0-00000023)
2026-03-12 09:52:54,559 - INFO - Processing voucher: 36 (GUID: eec14209-f9cd-491e-a51f-7724aa4018a0-00000024)
2026-03-12 09:52:54,559 - INFO - Processing voucher: 37 (GUID: eec14209-f9cd-491e-a51f-7724aa4018a0-00000025)
2026-03-12 09:52:54,559 - INFO - Processing voucher: 38 (GUID: eec14209-f9cd-491e-a51f-7724aa4018a0-00000026)
2026-03-12 09:52:54,559 - INFO - Processing voucher: 39 (GUID: eec14209-f9cd-491e-a51f-7724aa4018a0-00000027)
2026-03-12 09:52:54,559 - INFO - Processing voucher: 40 (GUID: eec14209-f9cd-491e-a51f-7724aa4018a0-00000028)
2026-03-12 09:52:54,559 - INFO - Processing voucher: 41 (GUID: eec14209-f9cd-491e-a51f-7724aa4018a0-00000029)
2026-03-12 09:52:54,559 - INFO - Processing voucher: 42 (GUID: eec14209-f9cd-491e-a51f-7724aa4018a0-0000002a)
2026-03-12 09:52:54,559 - INFO - Processing voucher: 43 (GUID: eec14209-f9cd-491e-a51f-7724aa4018a0-0000002b)
2026-03-12 09:52:54,559 - INFO - Processing voucher: 44 (GUID: eec14209-f9cd-491e-a51f-7724aa4018a0-0000002c)
2026-03-12 09:52:54,559 - INFO - Processing voucher: 45 (GUID: eec14209-f9cd-491e-a51f-7724aa4018a0-0000002d)
2026-03-12 09:52:54,565 - INFO - Processing voucher: 46 (GUID: eec14209-f9cd-491e-a51f-7724aa4018a0-0000002e)
2026-03-12 09:52:54,565 - INFO - Processing voucher: 47 (GUID: eec14209-f9cd-491e-a51f-7724aa4018a0-0000002f)
2026-03-12 09:52:54,565 - INFO - Processing voucher: 48 (GUID: eec14209-f9cd-491e-a51f-7724aa4018a0-00000030)
2026-03-12 09:52:54,565 - INFO - Processing voucher: 49 (GUID: eec14209-f9cd-491e-a51f-7724aa4018a0-00000031)
2026-03-12 09:52:54,565 - INFO - Processing voucher: 50 (GUID: eec14209-f9cd-491e-a51f-7724aa4018a0-00000032)
2026-03-12 09:52:54,565 - INFO - Processing voucher: 51 (GUID: eec14209-f9cd-491e-a51f-7724aa4018a0-00000033)
2026-03-12 09:52:54,569 - INFO - Processing voucher: 4 (GUID: eec14209-f9cd-491e-a51f-7724aa4018a0-00000069)
2026-03-12 09:52:54,569 - INFO - Processing voucher: 52 (GUID: eec14209-f9cd-491e-a51f-7724aa4018a0-00000034)
2026-03-12 09:52:54,569 - INFO - Processing voucher: 53 (GUID: eec14209-f9cd-491e-a51f-7724aa4018a0-00000035)
2026-03-12 09:52:54,569 - INFO - Processing voucher: 1 (GUID: eec14209-f9cd-491e-a51f-7724aa4018a0-0000004e)
2026-03-12 09:52:54,571 - INFO - Processing voucher: 76 (GUID: eec14209-f9cd-491e-a51f-7724aa4018a0-00000077)
2026-03-12 09:52:54,571 - INFO - Processing voucher: 78 (GUID: eec14209-f9cd-491e-a51f-7724aa4018a0-00000079)
2026-03-12 09:52:54,573 - INFO - Processing voucher: 79 (GUID: eec14209-f9cd-491e-a51f-7724aa4018a0-0000007a)
2026-03-12 09:52:54,573 - INFO - Processing voucher: 1 (GUID: eec14209-f9cd-491e-a51f-7724aa4018a0-0000004b)
2026-03-12 09:52:54,574 - INFO - Processing voucher: 2 (GUID: eec14209-f9cd-491e-a51f-7724aa4018a0-0000004c)
2026-03-12 09:52:54,574 - INFO - Processing voucher: 2 (GUID: eec14209-f9cd-491e-a51f-7724aa4018a0-0000004f)
2026-03-12 09:52:54,575 - INFO - Processing voucher: 1 (GUID: eec14209-f9cd-491e-a51f-7724aa4018a0-00000036)
2026-03-12 09:52:54,576 - INFO - Processing voucher: 33 (GUID: eec14209-f9cd-491e-a51f-7724aa4018a0-0000008f)
2026-03-12 09:52:54,576 - INFO - Processing voucher: 77 (GUID: eec14209-f9cd-491e-a51f-7724aa4018a0-00000037)
2026-03-12 09:52:54,576 - INFO - Processing voucher: 3 (GUID: eec14209-f9cd-491e-a51f-7724aa4018a0-00000038)
2026-03-12 09:52:54,576 - INFO - Processing voucher: 4 (GUID: eec14209-f9cd-491e-a51f-7724aa4018a0-00000039)
2026-03-12 09:52:54,576 - INFO - Processing voucher: 5 (GUID: eec14209-f9cd-491e-a51f-7724aa4018a0-0000003a)
2026-03-12 09:52:54,576 - INFO - Processing voucher: 81 (GUID: eec14209-f9cd-491e-a51f-7724aa4018a0-0000007c)
2026-03-12 09:52:54,576 - INFO - Processing voucher: 80 (GUID: eec14209-f9cd-491e-a51f-7724aa4018a0-0000007b)
2026-03-12 09:52:54,576 - INFO - Processing voucher: 6 (GUID: eec14209-f9cd-491e-a51f-7724aa4018a0-0000003b)
2026-03-12 09:52:54,576 - INFO - Processing voucher: 82 (GUID: eec14209-f9cd-491e-a51f-7724aa4018a0-0000007d)
2026-03-12 09:52:54,576 - INFO - Processing voucher: 7 (GUID: eec14209-f9cd-491e-a51f-7724aa4018a0-0000003c)
2026-03-12 09:52:54,576 - INFO - Processing voucher: 8 (GUID: eec14209-f9cd-491e-a51f-7724aa4018a0-0000003d)
2026-03-12 09:52:54,576 - INFO - Processing voucher: 2 (GUID: eec14209-f9cd-491e-a51f-7724aa4018a0-00000050)
2026-03-12 09:52:54,576 - INFO - Processing voucher: 62 (GUID: eec14209-f9cd-491e-a51f-7724aa4018a0-0000003e)
2026-03-12 09:52:54,576 - INFO - Processing voucher: 100 (GUID: eec14209-f9cd-491e-a51f-7724aa4018a0-00000091)
2026-03-12 09:52:54,576 - INFO - Processing voucher: 63 (GUID: eec14209-f9cd-491e-a51f-7724aa4018a0-0000003f)
2026-03-12 09:52:54,585 - INFO - Processing voucher: 3 (GUID: eec14209-f9cd-491e-a51f-7724aa4018a0-0000004d)
2026-03-12 09:52:54,585 - INFO - Processing voucher: 3 (GUID: eec14209-f9cd-491e-a51f-7724aa4018a0-00000066)
2026-03-12 09:52:54,585 - INFO - Processing voucher: 10 (GUID: eec14209-f9cd-491e-a51f-7724aa4018a0-00000040)
2026-03-12 09:52:54,587 - INFO - Processing voucher: 84 (GUID: eec14209-f9cd-491e-a51f-7724aa4018a0-0000007f)
2026-03-12 09:52:54,587 - INFO - Processing voucher: 83 (GUID: eec14209-f9cd-491e-a51f-7724aa4018a0-0000007e)
2026-03-12 09:52:54,587 - INFO - Processing voucher: 11 (GUID: eec14209-f9cd-491e-a51f-7724aa4018a0-00000041)
2026-03-12 09:52:54,587 - INFO - Processing voucher: 85 (GUID: eec14209-f9cd-491e-a51f-7724aa4018a0-00000080)
2026-03-12 09:52:54,587 - INFO - Processing voucher: 12 (GUID: eec14209-f9cd-491e-a51f-7724aa4018a0-00000042)
2026-03-12 09:52:54,587 - INFO - Processing voucher: 13 (GUID: eec14209-f9cd-491e-a51f-7724aa4018a0-00000043)
2026-03-12 09:52:54,587 - INFO - Processing voucher: 87 (GUID: eec14209-f9cd-491e-a51f-7724aa4018a0-00000082)
2026-03-12 09:52:54,587 - INFO - Processing voucher: 86 (GUID: eec14209-f9cd-491e-a51f-7724aa4018a0-00000081)
2026-03-12 09:52:54,592 - INFO - Processing voucher: 14 (GUID: eec14209-f9cd-491e-a51f-7724aa4018a0-00000044)
2026-03-12 09:52:54,593 - INFO - Processing voucher: 88 (GUID: eec14209-f9cd-491e-a51f-7724aa4018a0-00000083)
2026-03-12 09:52:54,593 - INFO - Processing voucher: 15 (GUID: eec14209-f9cd-491e-a51f-7724aa4018a0-00000045)
2026-03-12 09:52:54,594 - INFO - Processing voucher: 16 (GUID: eec14209-f9cd-491e-a51f-7724aa4018a0-00000046)
2026-03-12 09:52:54,594 - INFO - Processing voucher: 89 (GUID: eec14209-f9cd-491e-a51f-7724aa4018a0-00000084)
2026-03-12 09:52:54,594 - INFO - Processing voucher: 17 (GUID: eec14209-f9cd-491e-a51f-7724aa4018a0-00000047)
2026-03-12 09:52:54,594 - INFO - Processing voucher: 21 (GUID: eec14209-f9cd-491e-a51f-7724aa4018a0-00000067)
2026-03-12 09:52:54,594 - INFO - Processing voucher: 18 (GUID: eec14209-f9cd-491e-a51f-7724aa4018a0-00000048)
2026-03-12 09:52:54,594 - INFO - Processing voucher: 19 (GUID: eec14209-f9cd-491e-a51f-7724aa4018a0-00000049)
2026-03-12 09:52:54,594 - INFO - Processing voucher: 75 (GUID: eec14209-f9cd-491e-a51f-7724aa4018a0-0000004a)
2026-03-12 09:52:54,594 - INFO - Processing voucher: 101 (GUID: eec14209-f9cd-491e-a51f-7724aa4018a0-00000092)
2026-03-12 09:52:54,594 - INFO - Processing voucher: 22 (GUID: eec14209-f9cd-491e-a51f-7724aa4018a0-0000006b)
2026-03-12 09:52:54,594 - INFO - Processing voucher: 5 (GUID: eec14209-f9cd-491e-a51f-7724aa4018a0-0000006a)
2026-03-12 09:52:54,600 - INFO - Processing voucher: 4 (GUID: eec14209-f9cd-491e-a51f-7724aa4018a0-00000096)
2026-03-12 09:52:54,600 - INFO - Processing voucher: 23 (GUID: eec14209-f9cd-491e-a51f-7724aa4018a0-0000006c)
2026-03-12 09:52:54,602 - INFO - Processing voucher: 91 (GUID: eec14209-f9cd-491e-a51f-7724aa4018a0-00000086)
2026-03-12 09:52:54,602 - INFO - Processing voucher: 90 (GUID: eec14209-f9cd-491e-a51f-7724aa4018a0-00000085)
2026-03-12 09:52:54,602 - INFO - Processing voucher: 24 (GUID: eec14209-f9cd-491e-a51f-7724aa4018a0-0000006d)
2026-03-12 09:52:54,605 - INFO - Processing voucher: 92 (GUID: eec14209-f9cd-491e-a51f-7724aa4018a0-00000087)
2026-03-12 09:52:54,605 - INFO - Processing voucher: 27 (GUID: eec14209-f9cd-491e-a51f-7724aa4018a0-00000071)
2026-03-12 09:52:54,605 - INFO - Processing voucher: 93 (GUID: eec14209-f9cd-491e-a51f-7724aa4018a0-00000088)
2026-03-12 09:52:54,605 - INFO - Processing voucher: 32 (GUID: eec14209-f9cd-491e-a51f-7724aa4018a0-00000076)
2026-03-12 09:52:54,605 - INFO - Processing voucher: 31 (GUID: eec14209-f9cd-491e-a51f-7724aa4018a0-00000075)
2026-03-12 09:52:54,605 - INFO - Processing voucher: 30 (GUID: eec14209-f9cd-491e-a51f-7724aa4018a0-00000074)
2026-03-12 09:52:54,605 - INFO - Processing voucher: 95 (GUID: eec14209-f9cd-491e-a51f-7724aa4018a0-0000008a)
2026-03-12 09:52:54,605 - INFO - Processing voucher: 94 (GUID: eec14209-f9cd-491e-a51f-7724aa4018a0-00000089)
2026-03-12 09:52:54,610 - INFO - Processing voucher: 29 (GUID: eec14209-f9cd-491e-a51f-7724aa4018a0-00000073)
2026-03-12 09:52:54,610 - INFO - Processing voucher: 28 (GUID: eec14209-f9cd-491e-a51f-7724aa4018a0-00000072)
2026-03-12 09:52:54,610 - INFO - Processing voucher: 97 (GUID: eec14209-f9cd-491e-a51f-7724aa4018a0-0000008c)
2026-03-12 09:52:54,610 - INFO - Processing voucher: 96 (GUID: eec14209-f9cd-491e-a51f-7724aa4018a0-0000008b)
2026-03-12 09:52:54,610 - INFO - Processing voucher: 26 (GUID: eec14209-f9cd-491e-a51f-7724aa4018a0-00000070)
2026-03-12 09:52:54,615 - INFO - Processing voucher: 98 (GUID: eec14209-f9cd-491e-a51f-7724aa4018a0-0000008d)
2026-03-12 09:52:54,615 - INFO - Processing voucher: 25 (GUID: eec14209-f9cd-491e-a51f-7724aa4018a0-0000006f)
2026-03-12 09:52:54,615 - INFO - Processing voucher: 34 (GUID: eec14209-f9cd-491e-a51f-7724aa4018a0-00000093)
2026-03-12 09:52:54,615 - INFO - Processing voucher: 35 (GUID: eec14209-f9cd-491e-a51f-7724aa4018a0-00000094)
2026-03-12 09:52:54,619 - INFO - Processing voucher: 7 (GUID: eec14209-f9cd-491e-a51f-7724aa4018a0-00000095)
2026-03-12 18:30:02,905 - INFO - sync_ledgers_to_db started. Company ID: 1. XML size: 2008733
2026-03-12 18:30:03,224 - INFO - Found 0 LEDGER elements in XML.
2026-03-12 18:30:03,423 - INFO - sync_vouchers_to_db started. Company ID: 1. XML size: 2008733
2026-03-12 18:30:03,424 - INFO - Found 124 VOUCHER elements in XML.
2026-03-12 18:30:03,424 - INFO - Processing voucher: 1 (GUID: eec14209-f9cd-491e-a51f-7724aa4018a0-00000001)
2026-03-12 18:30:03,429 - INFO - Processing voucher: 2 (GUID: eec14209-f9cd-491e-a51f-7724aa4018a0-00000002)
2026-03-12 18:30:03,429 - INFO - Processing voucher: 3 (GUID: eec14209-f9cd-491e-a51f-7724aa4018a0-00000003)
2026-03-12 18:30:03,429 - INFO - Processing voucher: 4 (GUID: eec14209-f9cd-491e-a51f-7724aa4018a0-00000004)
2026-03-12 18:30:03,437 - INFO - Processing voucher: 5 (GUID: eec14209-f9cd-491e-a51f-7724aa4018a0-00000005)
2026-03-12 18:30:03,438 - INFO - Processing voucher: 6 (GUID: eec14209-f9cd-491e-a51f-7724aa4018a0-00000006)
2026-03-12 18:30:03,441 - INFO - Processing voucher: 7 (GUID: eec14209-f9cd-491e-a51f-7724aa4018a0-00000007)
2026-03-12 18:30:03,441 - INFO - Processing voucher: 8 (GUID: eec14209-f9cd-491e-a51f-7724aa4018a0-00000008)
2026-03-12 18:30:03,444 - INFO - Processing voucher: 9 (GUID: eec14209-f9cd-491e-a51f-7724aa4018a0-00000009)
2026-03-12 18:30:03,444 - INFO - Processing voucher: 10 (GUID: eec14209-f9cd-491e-a51f-7724aa4018a0-0000000a)
2026-03-12 18:30:03,444 - INFO - Processing voucher: 11 (GUID: eec14209-f9cd-491e-a51f-7724aa4018a0-0000000b)
2026-03-12 18:30:03,444 - INFO - Processing voucher: 12 (GUID: eec14209-f9cd-491e-a51f-7724aa4018a0-0000000c)
2026-03-12 18:30:03,450 - INFO - Processing voucher: 15 (GUID: eec14209-f9cd-491e-a51f-7724aa4018a0-0000000f)
2026-03-12 18:30:03,450 - INFO - Processing voucher: 13 (GUID: eec14209-f9cd-491e-a51f-7724aa4018a0-0000000d)
2026-03-12 18:30:03,455 - INFO - Processing voucher: 14 (GUID: eec14209-f9cd-491e-a51f-7724aa4018a0-0000000e)
2026-03-12 18:30:03,455 - INFO - Processing voucher: 16 (GUID: eec14209-f9cd-491e-a51f-7724aa4018a0-00000010)
2026-03-12 18:30:03,459 - INFO - Processing voucher: 17 (GUID: eec14209-f9cd-491e-a51f-7724aa4018a0-00000011)
2026-03-12 18:30:03,459 - INFO - Processing voucher: 18 (GUID: eec14209-f9cd-491e-a51f-7724aa4018a0-00000012)
2026-03-12 18:30:03,463 - INFO - Processing voucher: 19 (GUID: eec14209-f9cd-491e-a51f-7724aa4018a0-00000013)
2026-03-12 18:30:03,465 - INFO - Processing voucher: 20 (GUID: eec14209-f9cd-491e-a51f-7724aa4018a0-00000014)
2026-03-12 18:30:03,465 - INFO - Processing voucher: 21 (GUID: eec14209-f9cd-491e-a51f-7724aa4018a0-00000015)
2026-03-12 18:30:03,465 - INFO - Processing voucher: 22 (GUID: eec14209-f9cd-491e-a51f-7724aa4018a0-00000016)
2026-03-12 18:30:03,469 - INFO - Processing voucher: 28 (GUID: eec14209-f9cd-491e-a51f-7724aa4018a0-0000001c)
2026-03-12 18:30:03,472 - INFO - Processing voucher: 23 (GUID: eec14209-f9cd-491e-a51f-7724aa4018a0-00000017)
2026-03-12 18:30:03,473 - INFO - Processing voucher: 24 (GUID: eec14209-f9cd-491e-a51f-7724aa4018a0-00000018)
2026-03-12 18:30:03,474 - INFO - Processing voucher: 25 (GUID: eec14209-f9cd-491e-a51f-7724aa4018a0-00000019)
2026-03-12 18:30:03,474 - INFO - Processing voucher: 27 (GUID: eec14209-f9cd-491e-a51f-7724aa4018a0-0000001b)
2026-03-12 18:30:03,478 - INFO - Processing voucher: 29 (GUID: eec14209-f9cd-491e-a51f-7724aa4018a0-0000001d)
2026-03-12 18:30:03,481 - INFO - Processing voucher: 26 (GUID: eec14209-f9cd-491e-a51f-7724aa4018a0-0000001a)
2026-03-12 18:30:03,481 - INFO - Processing voucher: 30 (GUID: eec14209-f9cd-491e-a51f-7724aa4018a0-0000001e)
2026-03-12 18:30:03,484 - INFO - Processing voucher: 31 (GUID: eec14209-f9cd-491e-a51f-7724aa4018a0-0000001f)
2026-03-12 18:30:03,487 - INFO - Processing voucher: 32 (GUID: eec14209-f9cd-491e-a51f-7724aa4018a0-00000020)
2026-03-12 18:30:03,489 - INFO - Processing voucher: 33 (GUID: eec14209-f9cd-491e-a51f-7724aa4018a0-00000021)
2026-03-12 18:30:03,491 - INFO - Processing voucher: 34 (GUID: eec14209-f9cd-491e-a51f-7724aa4018a0-00000022)
2026-03-12 18:30:03,495 - INFO - Processing voucher: 35 (GUID: eec14209-f9cd-491e-a51f-7724aa4018a0-00000023)
2026-03-12 18:30:03,495 - INFO - Processing voucher: 36 (GUID: eec14209-f9cd-491e-a51f-7724aa4018a0-00000024)
2026-03-12 18:30:03,495 - INFO - Processing voucher: 37 (GUID: eec14209-f9cd-491e-a51f-7724aa4018a0-00000025)
2026-03-12 18:30:03,500 - INFO - Processing voucher: 38 (GUID: eec14209-f9cd-491e-a51f-7724aa4018a0-00000026)
2026-03-12 18:30:03,500 - INFO - Processing voucher: 39 (GUID: eec14209-f9cd-491e-a51f-7724aa4018a0-00000027)
2026-03-12 18:30:03,505 - INFO - Processing voucher: 40 (GUID: eec14209-f9cd-491e-a51f-7724aa4018a0-00000028)
2026-03-12 18:30:03,505 - INFO - Processing voucher: 41 (GUID: eec14209-f9cd-491e-a51f-7724aa4018a0-00000029)
2026-03-12 18:30:03,509 - INFO - Processing voucher: 42 (GUID: eec14209-f9cd-491e-a51f-7724aa4018a0-0000002a)
2026-03-12 18:30:03,509 - INFO - Processing voucher: 43 (GUID: eec14209-f9cd-491e-a51f-7724aa4018a0-0000002b)
2026-03-12 18:30:03,513 - INFO - Processing voucher: 44 (GUID: eec14209-f9cd-491e-a51f-7724aa4018a0-0000002c)
2026-03-12 18:30:03,515 - INFO - Processing voucher: 45 (GUID: eec14209-f9cd-491e-a51f-7724aa4018a0-0000002d)
2026-03-12 18:30:03,515 - INFO - Processing voucher: 46 (GUID: eec14209-f9cd-491e-a51f-7724aa4018a0-0000002e)
2026-03-12 18:30:03,519 - INFO - Processing voucher: 47 (GUID: eec14209-f9cd-491e-a51f-7724aa4018a0-0000002f)
2026-03-12 18:30:03,519 - INFO - Processing voucher: 48 (GUID: eec14209-f9cd-491e-a51f-7724aa4018a0-00000030)
2026-03-12 18:30:03,522 - INFO - Processing voucher: 49 (GUID: eec14209-f9cd-491e-a51f-7724aa4018a0-00000031)
2026-03-12 18:30:03,524 - INFO - Processing voucher: 50 (GUID: eec14209-f9cd-491e-a51f-7724aa4018a0-00000032)
2026-03-12 18:30:03,524 - INFO - Processing voucher: 51 (GUID: eec14209-f9cd-491e-a51f-7724aa4018a0-00000033)
2026-03-12 18:30:03,529 - INFO - Processing voucher: 4 (GUID: eec14209-f9cd-491e-a51f-7724aa4018a0-00000069)
2026-03-12 18:30:03,531 - INFO - Processing voucher: 52 (GUID: eec14209-f9cd-491e-a51f-7724aa4018a0-00000034)
2026-03-12 18:30:03,531 - INFO - Processing voucher: 53 (GUID: eec14209-f9cd-491e-a51f-7724aa4018a0-00000035)
2026-03-12 18:30:03,531 - INFO - Processing voucher: 1 (GUID: eec14209-f9cd-491e-a51f-7724aa4018a0-0000004e)
2026-03-12 18:30:03,538 - INFO - Processing voucher: 76 (GUID: eec14209-f9cd-491e-a51f-7724aa4018a0-00000077)
2026-03-12 18:30:03,540 - INFO - Processing voucher: 78 (GUID: eec14209-f9cd-491e-a51f-7724aa4018a0-00000079)
2026-03-12 18:30:03,542 - INFO - Processing voucher: 79 (GUID: eec14209-f9cd-491e-a51f-7724aa4018a0-0000007a)
2026-03-12 18:30:03,544 - INFO - Processing voucher: 1 (GUID: eec14209-f9cd-491e-a51f-7724aa4018a0-0000004b)
2026-03-12 18:30:18,850 - INFO - sync_ledgers_to_db started. Company ID: 1. XML size: 2008733
2026-03-12 18:30:19,124 - INFO - Found 0 LEDGER elements in XML.
2026-03-12 18:30:19,409 - INFO - sync_vouchers_to_db started. Company ID: 1. XML size: 2008733
2026-03-12 18:30:19,412 - INFO - Found 124 VOUCHER elements in XML.
2026-03-12 18:30:19,412 - INFO - Processing voucher: 1 (GUID: eec14209-f9cd-491e-a51f-7724aa4018a0-00000001)
2026-03-12 18:30:19,415 - INFO - Processing voucher: 2 (GUID: eec14209-f9cd-491e-a51f-7724aa4018a0-00000002)
2026-03-12 18:30:19,415 - INFO - Processing voucher: 3 (GUID: eec14209-f9cd-491e-a51f-7724aa4018a0-00000003)
2026-03-12 18:30:19,419 - INFO - Processing voucher: 4 (GUID: eec14209-f9cd-491e-a51f-7724aa4018a0-00000004)
2026-03-12 18:30:19,419 - INFO - Processing voucher: 5 (GUID: eec14209-f9cd-491e-a51f-7724aa4018a0-00000005)
2026-03-12 18:30:19,423 - INFO - Processing voucher: 6 (GUID: eec14209-f9cd-491e-a51f-7724aa4018a0-00000006)
2026-03-12 18:30:19,425 - INFO - Processing voucher: 7 (GUID: eec14209-f9cd-491e-a51f-7724aa4018a0-00000007)
2026-03-12 18:30:19,425 - INFO - Processing voucher: 8 (GUID: eec14209-f9cd-491e-a51f-7724aa4018a0-00000008)
2026-03-12 18:30:19,427 - INFO - Processing voucher: 9 (GUID: eec14209-f9cd-491e-a51f-7724aa4018a0-00000009)
2026-03-12 18:30:19,427 - INFO - Processing voucher: 10 (GUID: eec14209-f9cd-491e-a51f-7724aa4018a0-0000000a)
2026-03-12 18:30:19,427 - INFO - Processing voucher: 11 (GUID: eec14209-f9cd-491e-a51f-7724aa4018a0-0000000b)
2026-03-12 18:30:19,427 - INFO - Processing voucher: 12 (GUID: eec14209-f9cd-491e-a51f-7724aa4018a0-0000000c)
2026-03-12 18:30:19,437 - INFO - Processing voucher: 15 (GUID: eec14209-f9cd-491e-a51f-7724aa4018a0-0000000f)
2026-03-12 18:30:19,437 - INFO - Processing voucher: 13 (GUID: eec14209-f9cd-491e-a51f-7724aa4018a0-0000000d)
2026-03-12 18:30:19,437 - INFO - Processing voucher: 14 (GUID: eec14209-f9cd-491e-a51f-7724aa4018a0-0000000e)
2026-03-12 18:30:19,437 - INFO - Processing voucher: 16 (GUID: eec14209-f9cd-491e-a51f-7724aa4018a0-00000010)
2026-03-12 18:30:19,437 - INFO - Processing voucher: 17 (GUID: eec14209-f9cd-491e-a51f-7724aa4018a0-00000011)
2026-03-12 18:30:19,445 - INFO - Processing voucher: 18 (GUID: eec14209-f9cd-491e-a51f-7724aa4018a0-00000012)
2026-03-12 18:30:19,445 - INFO - Processing voucher: 19 (GUID: eec14209-f9cd-491e-a51f-7724aa4018a0-00000013)
2026-03-12 18:30:19,445 - INFO - Processing voucher: 20 (GUID: eec14209-f9cd-491e-a51f-7724aa4018a0-00000014)
2026-03-12 18:30:19,450 - INFO - Processing voucher: 21 (GUID: eec14209-f9cd-491e-a51f-7724aa4018a0-00000015)
2026-03-12 18:30:19,452 - INFO - Processing voucher: 22 (GUID: eec14209-f9cd-491e-a51f-7724aa4018a0-00000016)
2026-03-12 18:30:19,455 - INFO - Processing voucher: 28 (GUID: eec14209-f9cd-491e-a51f-7724aa4018a0-0000001c)
2026-03-12 18:30:19,456 - INFO - Processing voucher: 23 (GUID: eec14209-f9cd-491e-a51f-7724aa4018a0-00000017)
2026-03-12 18:30:19,459 - INFO - Processing voucher: 24 (GUID: eec14209-f9cd-491e-a51f-7724aa4018a0-00000018)
2026-03-12 18:30:19,461 - INFO - Processing voucher: 25 (GUID: eec14209-f9cd-491e-a51f-7724aa4018a0-00000019)
2026-03-12 18:30:19,464 - INFO - Processing voucher: 27 (GUID: eec14209-f9cd-491e-a51f-7724aa4018a0-0000001b)
2026-03-12 18:30:19,465 - INFO - Processing voucher: 29 (GUID: eec14209-f9cd-491e-a51f-7724aa4018a0-0000001d)
2026-03-12 18:30:19,465 - INFO - Processing voucher: 26 (GUID: eec14209-f9cd-491e-a51f-7724aa4018a0-0000001a)
2026-03-12 18:30:19,470 - INFO - Processing voucher: 30 (GUID: eec14209-f9cd-491e-a51f-7724aa4018a0-0000001e)
2026-03-12 18:30:19,472 - INFO - Processing voucher: 31 (GUID: eec14209-f9cd-491e-a51f-7724aa4018a0-0000001f)
2026-03-12 18:30:19,474 - INFO - Processing voucher: 32 (GUID: eec14209-f9cd-491e-a51f-7724aa4018a0-00000020)
2026-03-12 18:30:19,474 - INFO - Processing voucher: 33 (GUID: eec14209-f9cd-491e-a51f-7724aa4018a0-00000021)
2026-03-12 18:30:19,477 - INFO - Processing voucher: 34 (GUID: eec14209-f9cd-491e-a51f-7724aa4018a0-00000022)
2026-03-12 18:30:19,477 - INFO - Processing voucher: 35 (GUID: eec14209-f9cd-491e-a51f-7724aa4018a0-00000023)
2026-03-12 18:30:19,480 - INFO - Processing voucher: 36 (GUID: eec14209-f9cd-491e-a51f-7724aa4018a0-00000024)
2026-03-12 18:30:19,480 - INFO - Processing voucher: 37 (GUID: eec14209-f9cd-491e-a51f-7724aa4018a0-00000025)
2026-03-12 18:30:19,485 - INFO - Processing voucher: 38 (GUID: eec14209-f9cd-491e-a51f-7724aa4018a0-00000026)
2026-03-12 18:30:19,487 - INFO - Processing voucher: 39 (GUID: eec14209-f9cd-491e-a51f-7724aa4018a0-00000027)
2026-03-12 18:30:19,487 - INFO - Processing voucher: 40 (GUID: eec14209-f9cd-491e-a51f-7724aa4018a0-00000028)
2026-03-12 18:30:19,487 - INFO - Processing voucher: 41 (GUID: eec14209-f9cd-491e-a51f-7724aa4018a0-00000029)
2026-03-12 18:30:19,487 - INFO - Processing voucher: 42 (GUID: eec14209-f9cd-491e-a51f-7724aa4018a0-0000002a)
2026-03-12 18:30:19,495 - INFO - Processing voucher: 43 (GUID: eec14209-f9cd-491e-a51f-7724aa4018a0-0000002b)
2026-03-12 18:30:19,495 - INFO - Processing voucher: 44 (GUID: eec14209-f9cd-491e-a51f-7724aa4018a0-0000002c)
2026-03-12 18:30:19,495 - INFO - Processing voucher: 45 (GUID: eec14209-f9cd-491e-a51f-7724aa4018a0-0000002d)
2026-03-12 18:30:19,500 - INFO - Processing voucher: 46 (GUID: eec14209-f9cd-491e-a51f-7724aa4018a0-0000002e)
2026-03-12 18:30:19,502 - INFO - Processing voucher: 47 (GUID: eec14209-f9cd-491e-a51f-7724aa4018a0-0000002f)
2026-03-12 18:30:19,504 - INFO - Processing voucher: 48 (GUID: eec14209-f9cd-491e-a51f-7724aa4018a0-00000030)
2026-03-12 18:30:19,504 - INFO - Processing voucher: 49 (GUID: eec14209-f9cd-491e-a51f-7724aa4018a0-00000031)
2026-03-12 18:30:19,504 - INFO - Processing voucher: 50 (GUID: eec14209-f9cd-491e-a51f-7724aa4018a0-00000032)
2026-03-12 18:30:19,509 - INFO - Processing voucher: 51 (GUID: eec14209-f9cd-491e-a51f-7724aa4018a0-00000033)
2026-03-12 18:30:19,512 - INFO - Processing voucher: 4 (GUID: eec14209-f9cd-491e-a51f-7724aa4018a0-00000069)
2026-03-12 18:30:19,512 - INFO - Processing voucher: 52 (GUID: eec14209-f9cd-491e-a51f-7724aa4018a0-00000034)
2026-03-12 18:30:19,515 - INFO - Processing voucher: 53 (GUID: eec14209-f9cd-491e-a51f-7724aa4018a0-00000035)
2026-03-12 18:30:19,515 - INFO - Processing voucher: 1 (GUID: eec14209-f9cd-491e-a51f-7724aa4018a0-0000004e)
2026-03-12 18:30:19,519 - INFO - Processing voucher: 76 (GUID: eec14209-f9cd-491e-a51f-7724aa4018a0-00000077)
2026-03-12 18:30:19,519 - INFO - Processing voucher: 78 (GUID: eec14209-f9cd-491e-a51f-7724aa4018a0-00000079)
2026-03-12 18:30:19,523 - INFO - Processing voucher: 79 (GUID: eec14209-f9cd-491e-a51f-7724aa4018a0-0000007a)
2026-03-12 18:30:19,524 - INFO - Processing voucher: 1 (GUID: eec14209-f9cd-491e-a51f-7724aa4018a0-0000004b)
2026-03-12 18:34:53,300 - INFO - sync_ledgers_to_db started. Company ID: 1. XML size: 2008733
2026-03-12 18:34:53,484 - INFO - Found 0 LEDGER elements in XML.
2026-03-12 18:34:53,867 - INFO - sync_vouchers_to_db started. Company ID: 1. XML size: 2008733
2026-03-12 18:34:53,871 - INFO - Found 124 VOUCHER elements in XML.
2026-03-12 18:34:53,871 - INFO - Processing voucher: 1 (GUID: eec14209-f9cd-491e-a51f-7724aa4018a0-00000001)
2026-03-12 18:34:53,875 - INFO - Processing voucher: 2 (GUID: eec14209-f9cd-491e-a51f-7724aa4018a0-00000002)
2026-03-12 18:34:53,884 - INFO - Processing voucher: 3 (GUID: eec14209-f9cd-491e-a51f-7724aa4018a0-00000003)
2026-03-12 18:34:53,887 - INFO - Processing voucher: 4 (GUID: eec14209-f9cd-491e-a51f-7724aa4018a0-00000004)
2026-03-12 18:34:53,889 - INFO - Processing voucher: 5 (GUID: eec14209-f9cd-491e-a51f-7724aa4018a0-00000005)
2026-03-12 18:34:53,889 - INFO - Processing voucher: 6 (GUID: eec14209-f9cd-491e-a51f-7724aa4018a0-00000006)
2026-03-12 18:34:53,892 - INFO - Processing voucher: 7 (GUID: eec14209-f9cd-491e-a51f-7724aa4018a0-00000007)
2026-03-12 18:34:53,894 - INFO - Processing voucher: 8 (GUID: eec14209-f9cd-491e-a51f-7724aa4018a0-00000008)
2026-03-12 18:34:53,897 - INFO - Processing voucher: 9 (GUID: eec14209-f9cd-491e-a51f-7724aa4018a0-00000009)
2026-03-12 18:34:53,897 - INFO - Processing voucher: 10 (GUID: eec14209-f9cd-491e-a51f-7724aa4018a0-0000000a)
2026-03-12 18:34:53,901 - INFO - Processing voucher: 11 (GUID: eec14209-f9cd-491e-a51f-7724aa4018a0-0000000b)
2026-03-12 18:34:53,902 - INFO - Processing voucher: 12 (GUID: eec14209-f9cd-491e-a51f-7724aa4018a0-0000000c)
2026-03-12 18:34:53,902 - INFO - Processing voucher: 15 (GUID: eec14209-f9cd-491e-a51f-7724aa4018a0-0000000f)
2026-03-12 18:34:53,905 - INFO - Processing voucher: 13 (GUID: eec14209-f9cd-491e-a51f-7724aa4018a0-0000000d)
2026-03-12 18:34:53,905 - INFO - Processing voucher: 14 (GUID: eec14209-f9cd-491e-a51f-7724aa4018a0-0000000e)
2026-03-12 18:34:53,909 - INFO - Processing voucher: 16 (GUID: eec14209-f9cd-491e-a51f-7724aa4018a0-00000010)
2026-03-12 18:34:53,909 - INFO - Processing voucher: 17 (GUID: eec14209-f9cd-491e-a51f-7724aa4018a0-00000011)
2026-03-12 18:34:53,913 - INFO - Processing voucher: 18 (GUID: eec14209-f9cd-491e-a51f-7724aa4018a0-00000012)
2026-03-12 18:34:53,915 - INFO - Processing voucher: 19 (GUID: eec14209-f9cd-491e-a51f-7724aa4018a0-00000013)
2026-03-12 18:34:53,916 - INFO - Processing voucher: 20 (GUID: eec14209-f9cd-491e-a51f-7724aa4018a0-00000014)
2026-03-12 18:34:53,919 - INFO - Processing voucher: 21 (GUID: eec14209-f9cd-491e-a51f-7724aa4018a0-00000015)
2026-03-12 18:34:53,921 - INFO - Processing voucher: 22 (GUID: eec14209-f9cd-491e-a51f-7724aa4018a0-00000016)
2026-03-12 18:34:53,923 - INFO - Processing voucher: 28 (GUID: eec14209-f9cd-491e-a51f-7724aa4018a0-0000001c)
2026-03-12 18:34:53,924 - INFO - Processing voucher: 23 (GUID: eec14209-f9cd-491e-a51f-7724aa4018a0-00000017)
2026-03-12 18:34:53,927 - INFO - Processing voucher: 24 (GUID: eec14209-f9cd-491e-a51f-7724aa4018a0-00000018)
2026-03-12 18:34:53,929 - INFO - Processing voucher: 25 (GUID: eec14209-f9cd-491e-a51f-7724aa4018a0-00000019)
2026-03-12 18:34:53,929 - INFO - Processing voucher: 27 (GUID: eec14209-f9cd-491e-a51f-7724aa4018a0-0000001b)
2026-03-12 18:34:53,933 - INFO - Processing voucher: 29 (GUID: eec14209-f9cd-491e-a51f-7724aa4018a0-0000001d)
2026-03-12 18:34:53,933 - INFO - Processing voucher: 26 (GUID: eec14209-f9cd-491e-a51f-7724aa4018a0-0000001a)
2026-03-12 18:34:53,935 - INFO - Processing voucher: 30 (GUID: eec14209-f9cd-491e-a51f-7724aa4018a0-0000001e)
2026-03-12 18:34:53,937 - INFO - Processing voucher: 31 (GUID: eec14209-f9cd-491e-a51f-7724aa4018a0-0000001f)
2026-03-12 18:34:53,937 - INFO - Processing voucher: 32 (GUID: eec14209-f9cd-491e-a51f-7724aa4018a0-00000020)
2026-03-12 18:34:53,937 - INFO - Processing voucher: 33 (GUID: eec14209-f9cd-491e-a51f-7724aa4018a0-00000021)
2026-03-12 18:34:53,937 - INFO - Processing voucher: 34 (GUID: eec14209-f9cd-491e-a51f-7724aa4018a0-00000022)
2026-03-12 18:34:53,945 - INFO - Processing voucher: 35 (GUID: eec14209-f9cd-491e-a51f-7724aa4018a0-00000023)
2026-03-12 18:34:53,947 - INFO - Processing voucher: 36 (GUID: eec14209-f9cd-491e-a51f-7724aa4018a0-00000024)
2026-03-12 18:34:53,947 - INFO - Processing voucher: 37 (GUID: eec14209-f9cd-491e-a51f-7724aa4018a0-00000025)
2026-03-12 18:34:53,951 - INFO - Processing voucher: 38 (GUID: eec14209-f9cd-491e-a51f-7724aa4018a0-00000026)
2026-03-12 18:34:53,954 - INFO - Processing voucher: 39 (GUID: eec14209-f9cd-491e-a51f-7724aa4018a0-00000027)
2026-03-12 18:34:53,954 - INFO - Processing voucher: 40 (GUID: eec14209-f9cd-491e-a51f-7724aa4018a0-00000028)
2026-03-12 18:34:53,957 - INFO - Processing voucher: 41 (GUID: eec14209-f9cd-491e-a51f-7724aa4018a0-00000029)
2026-03-12 18:34:53,959 - INFO - Processing voucher: 42 (GUID: eec14209-f9cd-491e-a51f-7724aa4018a0-0000002a)
2026-03-12 18:34:53,959 - INFO - Processing voucher: 43 (GUID: eec14209-f9cd-491e-a51f-7724aa4018a0-0000002b)
2026-03-12 18:34:53,965 - INFO - Processing voucher: 44 (GUID: eec14209-f9cd-491e-a51f-7724aa4018a0-0000002c)
2026-03-12 18:34:53,965 - INFO - Processing voucher: 45 (GUID: eec14209-f9cd-491e-a51f-7724aa4018a0-0000002d)
2026-03-12 18:34:53,969 - INFO - Processing voucher: 46 (GUID: eec14209-f9cd-491e-a51f-7724aa4018a0-0000002e)
2026-03-12 18:34:53,972 - INFO - Processing voucher: 47 (GUID: eec14209-f9cd-491e-a51f-7724aa4018a0-0000002f)
2026-03-12 18:34:53,974 - INFO - Processing voucher: 48 (GUID: eec14209-f9cd-491e-a51f-7724aa4018a0-00000030)
2026-03-12 18:34:53,974 - INFO - Processing voucher: 49 (GUID: eec14209-f9cd-491e-a51f-7724aa4018a0-00000031)
2026-03-12 18:34:53,974 - INFO - Processing voucher: 50 (GUID: eec14209-f9cd-491e-a51f-7724aa4018a0-00000032)
2026-03-12 18:34:53,974 - INFO - Processing voucher: 51 (GUID: eec14209-f9cd-491e-a51f-7724aa4018a0-00000033)
2026-03-12 18:34:53,974 - INFO - Processing voucher: 4 (GUID: eec14209-f9cd-491e-a51f-7724aa4018a0-00000069)
2026-03-12 18:34:53,987 - INFO - Processing voucher: 52 (GUID: eec14209-f9cd-491e-a51f-7724aa4018a0-00000034)
2026-03-12 18:34:53,988 - INFO - Processing voucher: 53 (GUID: eec14209-f9cd-491e-a51f-7724aa4018a0-00000035)
2026-03-12 18:34:53,988 - INFO - Processing voucher: 1 (GUID: eec14209-f9cd-491e-a51f-7724aa4018a0-0000004e)
2026-03-12 18:34:53,995 - INFO - Processing voucher: 76 (GUID: eec14209-f9cd-491e-a51f-7724aa4018a0-00000077)
2026-03-12 18:34:53,997 - INFO - Processing voucher: 78 (GUID: eec14209-f9cd-491e-a51f-7724aa4018a0-00000079)
2026-03-12 18:34:53,998 - INFO - Processing voucher: 79 (GUID: eec14209-f9cd-491e-a51f-7724aa4018a0-0000007a)
2026-03-12 18:34:54,000 - INFO - Processing voucher: 1 (GUID: eec14209-f9cd-491e-a51f-7724aa4018a0-0000004b)
2026-03-12 18:34:54,059 - INFO - Processing voucher: 2 (GUID: eec14209-f9cd-491e-a51f-7724aa4018a0-0000004c)
2026-03-12 18:34:54,088 - INFO - Processing voucher: 2 (GUID: eec14209-f9cd-491e-a51f-7724aa4018a0-0000004f)
2026-03-12 18:34:54,094 - INFO - Processing voucher: 1 (GUID: eec14209-f9cd-491e-a51f-7724aa4018a0-00000036)
2026-03-12 18:34:54,095 - INFO - Processing voucher: 33 (GUID: eec14209-f9cd-491e-a51f-7724aa4018a0-0000008f)
2026-03-12 18:34:54,098 - INFO - Processing voucher: 77 (GUID: eec14209-f9cd-491e-a51f-7724aa4018a0-00000037)
2026-03-12 18:34:54,100 - INFO - Processing voucher: 3 (GUID: eec14209-f9cd-491e-a51f-7724aa4018a0-00000038)
2026-03-12 18:34:54,100 - INFO - Processing voucher: 4 (GUID: eec14209-f9cd-491e-a51f-7724aa4018a0-00000039)
2026-03-12 18:34:54,100 - INFO - Processing voucher: 5 (GUID: eec14209-f9cd-491e-a51f-7724aa4018a0-0000003a)
2026-03-12 18:34:54,105 - INFO - Processing voucher: 81 (GUID: eec14209-f9cd-491e-a51f-7724aa4018a0-0000007c)
2026-03-12 18:34:54,105 - INFO - Processing voucher: 80 (GUID: eec14209-f9cd-491e-a51f-7724aa4018a0-0000007b)
2026-03-12 18:34:54,109 - INFO - Processing voucher: 6 (GUID: eec14209-f9cd-491e-a51f-7724aa4018a0-0000003b)
2026-03-12 18:34:54,109 - INFO - Processing voucher: 82 (GUID: eec14209-f9cd-491e-a51f-7724aa4018a0-0000007d)
2026-03-12 18:34:54,114 - INFO - Processing voucher: 7 (GUID: eec14209-f9cd-491e-a51f-7724aa4018a0-0000003c)
2026-03-12 18:34:54,115 - INFO - Processing voucher: 8 (GUID: eec14209-f9cd-491e-a51f-7724aa4018a0-0000003d)
2026-03-12 18:34:54,115 - INFO - Processing voucher: 2 (GUID: eec14209-f9cd-491e-a51f-7724aa4018a0-00000050)
2026-03-12 18:34:54,119 - INFO - Processing voucher: 62 (GUID: eec14209-f9cd-491e-a51f-7724aa4018a0-0000003e)
2026-03-12 18:34:54,122 - INFO - Processing voucher: 100 (GUID: eec14209-f9cd-491e-a51f-7724aa4018a0-00000091)
2026-03-12 18:34:54,124 - INFO - Processing voucher: 63 (GUID: eec14209-f9cd-491e-a51f-7724aa4018a0-0000003f)
2026-03-12 18:34:54,124 - INFO - Processing voucher: 3 (GUID: eec14209-f9cd-491e-a51f-7724aa4018a0-0000004d)
2026-03-12 18:34:54,137 - INFO - Processing voucher: 3 (GUID: eec14209-f9cd-491e-a51f-7724aa4018a0-00000066)
2026-03-12 18:34:54,137 - INFO - Processing voucher: 10 (GUID: eec14209-f9cd-491e-a51f-7724aa4018a0-00000040)
2026-03-12 18:34:54,144 - INFO - Processing voucher: 84 (GUID: eec14209-f9cd-491e-a51f-7724aa4018a0-0000007f)
2026-03-12 18:34:54,145 - INFO - Processing voucher: 83 (GUID: eec14209-f9cd-491e-a51f-7724aa4018a0-0000007e)
2026-03-12 18:34:54,147 - INFO - Processing voucher: 11 (GUID: eec14209-f9cd-491e-a51f-7724aa4018a0-00000041)
2026-03-12 18:34:54,147 - INFO - Processing voucher: 85 (GUID: eec14209-f9cd-491e-a51f-7724aa4018a0-00000080)
2026-03-12 18:34:54,150 - INFO - Processing voucher: 12 (GUID: eec14209-f9cd-491e-a51f-7724aa4018a0-00000042)
2026-03-12 18:34:54,150 - INFO - Processing voucher: 13 (GUID: eec14209-f9cd-491e-a51f-7724aa4018a0-00000043)
2026-03-12 18:34:54,155 - INFO - Processing voucher: 87 (GUID: eec14209-f9cd-491e-a51f-7724aa4018a0-00000082)
2026-03-12 18:34:54,155 - INFO - Processing voucher: 86 (GUID: eec14209-f9cd-491e-a51f-7724aa4018a0-00000081)
2026-03-12 18:34:54,159 - INFO - Processing voucher: 14 (GUID: eec14209-f9cd-491e-a51f-7724aa4018a0-00000044)
2026-03-12 18:34:54,163 - INFO - Processing voucher: 88 (GUID: eec14209-f9cd-491e-a51f-7724aa4018a0-00000083)
2026-03-12 18:34:54,165 - INFO - Processing voucher: 15 (GUID: eec14209-f9cd-491e-a51f-7724aa4018a0-00000045)
2026-03-12 18:34:54,165 - INFO - Processing voucher: 16 (GUID: eec14209-f9cd-491e-a51f-7724aa4018a0-00000046)
2026-03-12 18:34:54,169 - INFO - Processing voucher: 89 (GUID: eec14209-f9cd-491e-a51f-7724aa4018a0-00000084)
2026-03-12 18:34:54,173 - INFO - Processing voucher: 17 (GUID: eec14209-f9cd-491e-a51f-7724aa4018a0-00000047)
2026-03-12 18:34:54,174 - INFO - Processing voucher: 21 (GUID: eec14209-f9cd-491e-a51f-7724aa4018a0-00000067)
2026-03-12 18:34:54,174 - INFO - Processing voucher: 18 (GUID: eec14209-f9cd-491e-a51f-7724aa4018a0-00000048)
2026-03-12 18:34:54,174 - INFO - Processing voucher: 19 (GUID: eec14209-f9cd-491e-a51f-7724aa4018a0-00000049)
2026-03-12 18:34:54,183 - INFO - Processing voucher: 75 (GUID: eec14209-f9cd-491e-a51f-7724aa4018a0-0000004a)
2026-03-12 18:34:54,183 - INFO - Processing voucher: 101 (GUID: eec14209-f9cd-491e-a51f-7724aa4018a0-00000092)
2026-03-12 18:34:54,188 - INFO - Processing voucher: 22 (GUID: eec14209-f9cd-491e-a51f-7724aa4018a0-0000006b)
2026-03-12 18:34:54,188 - INFO - Processing voucher: 5 (GUID: eec14209-f9cd-491e-a51f-7724aa4018a0-0000006a)
2026-03-12 18:34:54,188 - INFO - Processing voucher: 4 (GUID: eec14209-f9cd-491e-a51f-7724aa4018a0-00000096)
2026-03-12 18:34:54,205 - INFO - Processing voucher: 23 (GUID: eec14209-f9cd-491e-a51f-7724aa4018a0-0000006c)
2026-03-12 18:34:54,209 - INFO - Processing voucher: 91 (GUID: eec14209-f9cd-491e-a51f-7724aa4018a0-00000086)
2026-03-12 18:34:54,209 - INFO - Processing voucher: 90 (GUID: eec14209-f9cd-491e-a51f-7724aa4018a0-00000085)
2026-03-12 18:34:54,214 - INFO - Processing voucher: 24 (GUID: eec14209-f9cd-491e-a51f-7724aa4018a0-0000006d)
2026-03-12 18:34:54,215 - INFO - Processing voucher: 92 (GUID: eec14209-f9cd-491e-a51f-7724aa4018a0-00000087)
2026-03-12 18:34:54,215 - INFO - Processing voucher: 27 (GUID: eec14209-f9cd-491e-a51f-7724aa4018a0-00000071)
2026-03-12 18:34:54,219 - INFO - Processing voucher: 93 (GUID: eec14209-f9cd-491e-a51f-7724aa4018a0-00000088)
2026-03-12 18:34:54,222 - INFO - Processing voucher: 32 (GUID: eec14209-f9cd-491e-a51f-7724aa4018a0-00000076)
2026-03-12 18:34:54,224 - INFO - Processing voucher: 31 (GUID: eec14209-f9cd-491e-a51f-7724aa4018a0-00000075)
2026-03-12 18:34:54,224 - INFO - Processing voucher: 30 (GUID: eec14209-f9cd-491e-a51f-7724aa4018a0-00000074)
2026-03-12 18:34:54,224 - INFO - Processing voucher: 95 (GUID: eec14209-f9cd-491e-a51f-7724aa4018a0-0000008a)
2026-03-12 18:34:54,224 - INFO - Processing voucher: 94 (GUID: eec14209-f9cd-491e-a51f-7724aa4018a0-00000089)
2026-03-12 18:34:54,233 - INFO - Processing voucher: 29 (GUID: eec14209-f9cd-491e-a51f-7724aa4018a0-00000073)
2026-03-12 18:34:54,237 - INFO - Processing voucher: 28 (GUID: eec14209-f9cd-491e-a51f-7724aa4018a0-00000072)
2026-03-12 18:34:54,237 - INFO - Processing voucher: 97 (GUID: eec14209-f9cd-491e-a51f-7724aa4018a0-0000008c)
2026-03-12 18:34:54,237 - INFO - Processing voucher: 96 (GUID: eec14209-f9cd-491e-a51f-7724aa4018a0-0000008b)
2026-03-12 18:34:54,245 - INFO - Processing voucher: 26 (GUID: eec14209-f9cd-491e-a51f-7724aa4018a0-00000070)
2026-03-12 18:34:54,247 - INFO - Processing voucher: 98 (GUID: eec14209-f9cd-491e-a51f-7724aa4018a0-0000008d)
2026-03-12 18:34:54,251 - INFO - Processing voucher: 25 (GUID: eec14209-f9cd-491e-a51f-7724aa4018a0-0000006f)
2026-03-12 18:34:54,251 - INFO - Processing voucher: 34 (GUID: eec14209-f9cd-491e-a51f-7724aa4018a0-00000093)
2026-03-12 18:34:54,254 - INFO - Processing voucher: 35 (GUID: eec14209-f9cd-491e-a51f-7724aa4018a0-00000094)
2026-03-12 18:34:54,254 - INFO - Processing voucher: 7 (GUID: eec14209-f9cd-491e-a51f-7724aa4018a0-00000095)
2026-03-13 09:01:43,334 - INFO - sync_ledgers_to_db started. Company ID: 1. XML size: 474958
2026-03-13 09:01:43,384 - INFO - Found 35 LEDGER elements in XML.
2026-03-13 09:01:43,384 - INFO - Processing ledger: Profit & Loss A/c
2026-03-13 09:01:43,417 - INFO - Processing ledger: AIVION LTD - Foreign Co.
2026-03-13 09:01:43,428 - INFO - Processing ledger: AMIT WASON - CAPITAL
2026-03-13 09:01:43,428 - INFO - Processing ledger: AMIT WASON - IMPREST
2026-03-13 09:01:43,436 - INFO - Processing ledger: Aniket Tripathi
2026-03-13 09:01:43,442 - INFO - Processing ledger: Badal Rana
2026-03-13 09:01:43,450 - INFO - Processing ledger: Bhanvi Lamba  And Associates
2026-03-13 09:01:43,458 - INFO - Processing ledger: Cash
2026-03-13 09:01:43,462 - INFO - Processing ledger: Chair
2026-03-13 09:01:43,473 - INFO - Processing ledger: EPIC Fees
2026-03-13 09:01:43,478 - INFO - Processing ledger: HDFC BANK
2026-03-13 09:01:43,478 - INFO - Processing ledger: INPUT CGST 9%
2026-03-13 09:01:43,486 - INFO - Processing ledger: INPUT SGST 9%
2026-03-13 09:01:43,492 - INFO - Processing ledger: Kishor Das - Imprest
2026-03-13 09:01:43,497 - INFO - Processing ledger: Laptop
2026-03-13 09:01:43,500 - INFO - Processing ledger: Munish Dhall - Imprest
2026-03-13 09:01:43,507 - INFO - Processing ledger: Office Expenses
2026-03-13 09:01:43,515 - INFO - Processing ledger: Pragati Wason
2026-03-13 09:01:43,521 - INFO - Processing ledger: Printing and Stationery
2026-03-13 09:01:43,526 - INFO - Processing ledger: PROFESSIONAL CHARGES
2026-03-13 09:01:43,529 - INFO - Processing ledger: Professional Fees
2026-03-13 09:01:43,534 - INFO - Processing ledger: Professional Services - Export
2026-03-13 09:01:43,536 - INFO - Processing ledger: Puneet Khurana
2026-03-13 09:01:43,543 - INFO - Processing ledger: Raghav
2026-03-13 09:01:43,546 - INFO - Processing ledger: Rashi
2026-03-13 09:01:43,550 - INFO - Processing ledger: Salary & Wages
2026-03-13 09:01:43,556 - INFO - Processing ledger: Sankalp
2026-03-13 09:01:43,561 - INFO - Processing ledger: SBI BANK
2026-03-13 09:01:43,567 - INFO - Processing ledger: Staff Welfare
2026-03-13 09:01:43,573 - INFO - Processing ledger: SUSPENSE ACCOUNT
2026-03-13 09:01:43,577 - INFO - Processing ledger: Telephone & Internet Charges
2026-03-13 09:01:43,579 - INFO - Processing ledger: Travel Expenses
2026-03-13 09:01:43,586 - INFO - Processing ledger: Vaibhav Malhotra
2026-03-13 09:01:43,594 - INFO - Processing ledger: VIKAS SANJIV & ASSOCIATES
2026-03-13 09:01:43,600 - INFO - Processing ledger: Yashika
2026-03-13 09:01:43,786 - INFO - sync_vouchers_to_db started. Company ID: 1. XML size: 474958
2026-03-13 09:01:43,786 - INFO - Found 0 VOUCHER elements in XML.
